09/Apr/2019:09:16:24 +0000 GET / 200 50.874 ms http://localhost:3000/contact-us ::1 - -
09/Apr/2019:09:16:24 +0000 GET /static/css/main.7f41dff6.chunk.css 200 4.991 ms http://localhost:3000/ ::1 - -
09/Apr/2019:09:16:24 +0000 GET /static/js/main.062f58e5.chunk.js 200 14.820 ms http://localhost:3000/ ::1 - -
09/Apr/2019:09:16:24 +0000 GET /static/js/homepage.c79824d3.chunk.js 200 16.677 ms http://localhost:3000/ ::1 - -
09/Apr/2019:09:16:24 +0000 GET /static/js/18.37633b94.chunk.js 200 5.228 ms http://localhost:3000/ ::1 - -
09/Apr/2019:09:16:24 +0000 GET /manifest.json 304 1.098 ms http://localhost:3000/ ::1 - -
09/Apr/2019:09:16:24 +0000 GET /favicon.ico 200 3.445 ms http://localhost:3000/ ::1 - -
09/Apr/2019:09:28:53 +0000 GET / 200 50.088 ms - ::1 - -
09/Apr/2019:09:28:53 +0000 GET /static/css/main.7f41dff6.chunk.css 200 6.952 ms http://localhost:3000/ ::1 - -
09/Apr/2019:09:28:53 +0000 GET /static/js/homepage.9e3b9410.chunk.js 200 1.111 ms http://localhost:3000/ ::1 - -
09/Apr/2019:09:28:53 +0000 GET /static/js/main.2144413a.chunk.js 200 19.475 ms http://localhost:3000/ ::1 - -
09/Apr/2019:09:28:53 +0000 GET /static/js/18.169be06f.chunk.js 200 22.016 ms http://localhost:3000/ ::1 - -
09/Apr/2019:09:28:53 +0000 GET /manifest.json 304 1.035 ms http://localhost:3000/ ::1 - -
09/Apr/2019:09:39:28 +0000 GET /signup 200 81.840 ms - ::1 - -
09/Apr/2019:09:39:28 +0000 GET /static/css/main.7f41dff6.chunk.css 200 9.609 ms http://localhost:3000/signup ::1 - -
09/Apr/2019:09:39:28 +0000 GET /static/js/main.9cc02c9c.chunk.js 200 20.812 ms http://localhost:3000/signup ::1 - -
09/Apr/2019:09:39:28 +0000 GET /static/js/signup.dc618383.chunk.js 200 19.498 ms http://localhost:3000/signup ::1 - -
09/Apr/2019:09:39:28 +0000 GET /static/js/18.7e132700.chunk.js 200 22.621 ms http://localhost:3000/signup ::1 - -
09/Apr/2019:09:39:28 +0000 GET /static/js/0.77d72758.chunk.js 200 2.838 ms http://localhost:3000/signup ::1 - -
09/Apr/2019:09:39:28 +0000 GET /manifest.json 304 0.738 ms http://localhost:3000/signup ::1 - -
09/Apr/2019:09:39:50 +0000 POST /api 200 81.044 ms http://localhost:3000/signup ::1 - -
09/Apr/2019:09:40:02 +0000 GET /static/css/main.7f41dff6.chunk.css 304 0.733 ms http://localhost:3000/signup ::1 - -
09/Apr/2019:09:40:02 +0000 GET /static/js/main.9cc02c9c.chunk.js.map 200 28.320 ms - ::1 - -
09/Apr/2019:09:40:02 +0000 GET /static/js/0.77d72758.chunk.js.map 200 3.322 ms - ::1 - -
09/Apr/2019:09:40:02 +0000 GET /static/js/signup.dc618383.chunk.js.map 200 58.401 ms - ::1 - -
09/Apr/2019:09:40:02 +0000 GET /static/js/18.7e132700.chunk.js.map 200 23.499 ms - ::1 - -
09/Apr/2019:09:40:02 +0000 GET /static/css/main.7f41dff6.chunk.css.map 200 8.712 ms - ::1 - -
09/Apr/2019:09:43:17 +0000 GET /signup 200 89.501 ms - ::1 - -
09/Apr/2019:09:43:17 +0000 GET /static/css/main.7f41dff6.chunk.css 200 7.127 ms http://localhost:3000/signup ::1 - -
09/Apr/2019:09:43:17 +0000 GET /static/js/18.6694bff1.chunk.js 200 15.473 ms http://localhost:3000/signup ::1 - -
09/Apr/2019:09:43:17 +0000 GET /static/js/main.caad9275.chunk.js 200 47.245 ms http://localhost:3000/signup ::1 - -
09/Apr/2019:09:43:17 +0000 GET /static/js/signup.15a53091.chunk.js 200 47.509 ms http://localhost:3000/signup ::1 - -
09/Apr/2019:09:43:18 +0000 GET /static/css/main.7f41dff6.chunk.css.map 200 9.100 ms - ::1 - -
09/Apr/2019:09:43:18 +0000 GET /static/js/18.6694bff1.chunk.js.map 200 3.129 ms - ::1 - -
09/Apr/2019:09:43:18 +0000 GET /static/js/0.ada3a007.chunk.js 200 2.200 ms http://localhost:3000/signup ::1 - -
09/Apr/2019:09:43:18 +0000 GET /static/js/main.caad9275.chunk.js.map 200 1.702 ms - ::1 - -
09/Apr/2019:09:43:18 +0000 GET /static/js/signup.15a53091.chunk.js.map 200 13.642 ms - ::1 - -
09/Apr/2019:09:43:18 +0000 GET /static/js/signup.15a53091.chunk.js.map 304 1.440 ms - ::1 - -
09/Apr/2019:09:43:18 +0000 GET /static/js/0.ada3a007.chunk.js.map 200 13.526 ms - ::1 - -
09/Apr/2019:09:43:18 +0000 GET /manifest.json 304 0.535 ms http://localhost:3000/signup ::1 - -
09/Apr/2019:09:43:18 +0000 GET /favicon.ico 200 1.579 ms http://localhost:3000/signup ::1 - -
09/Apr/2019:09:43:39 +0000 POST /api 200 94.792 ms http://localhost:3000/signup ::1 - -
09/Apr/2019:09:43:44 +0000 POST /api 200 15.480 ms http://localhost:3000/signup ::1 - -
09/Apr/2019:09:43:44 +0000 POST /api 200 12.273 ms http://localhost:3000/signup ::1 - -
09/Apr/2019:09:43:44 +0000 POST /api 200 9.023 ms http://localhost:3000/signup ::1 - -
09/Apr/2019:09:43:45 +0000 POST /api 200 10.896 ms http://localhost:3000/signup ::1 - -
09/Apr/2019:09:43:45 +0000 POST /api 200 19.175 ms http://localhost:3000/signup ::1 - -
09/Apr/2019:09:43:45 +0000 POST /api 200 8.218 ms http://localhost:3000/signup ::1 - -
09/Apr/2019:09:43:45 +0000 POST /api 200 9.497 ms http://localhost:3000/signup ::1 - -
09/Apr/2019:09:46:56 +0000 GET /signup 200 88.679 ms - ::1 - -
09/Apr/2019:09:46:56 +0000 GET /static/css/main.7f41dff6.chunk.css 200 12.786 ms http://localhost:3000/signup ::1 - -
09/Apr/2019:09:46:56 +0000 GET /static/js/main.caad9275.chunk.js 200 12.467 ms http://localhost:3000/signup ::1 - -
09/Apr/2019:09:46:56 +0000 GET /static/js/signup.393e1683.chunk.js 200 11.807 ms http://localhost:3000/signup ::1 - -
09/Apr/2019:09:46:56 +0000 GET /static/js/18.6694bff1.chunk.js 200 17.170 ms http://localhost:3000/signup ::1 - -
09/Apr/2019:09:46:56 +0000 GET /static/css/main.7f41dff6.chunk.css.map 200 10.491 ms - ::1 - -
09/Apr/2019:09:46:57 +0000 GET /static/js/0.ada3a007.chunk.js 200 2.889 ms http://localhost:3000/signup ::1 - -
09/Apr/2019:09:46:57 +0000 GET /static/js/main.caad9275.chunk.js.map 200 107.247 ms - ::1 - -
09/Apr/2019:09:46:57 +0000 GET /static/js/signup.393e1683.chunk.js.map 200 110.364 ms - ::1 - -
09/Apr/2019:09:46:57 +0000 GET /static/js/18.6694bff1.chunk.js.map 200 2.645 ms - ::1 - -
09/Apr/2019:09:46:57 +0000 GET /static/js/0.ada3a007.chunk.js.map 200 84.375 ms - ::1 - -
09/Apr/2019:09:46:57 +0000 GET /static/js/signup.393e1683.chunk.js.map 304 1.147 ms - ::1 - -
09/Apr/2019:09:46:57 +0000 GET /manifest.json 304 0.875 ms http://localhost:3000/signup ::1 - -
09/Apr/2019:09:46:57 +0000 GET /favicon.ico 200 0.716 ms http://localhost:3000/signup ::1 - -
09/Apr/2019:09:47:16 +0000 POST /api 200 58.988 ms http://localhost:3000/signup ::1 - -
09/Apr/2019:09:47:49 +0000 POST /api 200 15.764 ms http://localhost:3000/signup ::1 - -
09/Apr/2019:09:47:50 +0000 POST /api 200 14.101 ms http://localhost:3000/signup ::1 - -
09/Apr/2019:09:47:50 +0000 POST /api 200 15.829 ms http://localhost:3000/signup ::1 - -
09/Apr/2019:09:47:50 +0000 POST /api 200 11.548 ms http://localhost:3000/signup ::1 - -
09/Apr/2019:09:47:50 +0000 POST /api 200 15.273 ms http://localhost:3000/signup ::1 - -
09/Apr/2019:09:47:51 +0000 POST /api 200 15.641 ms http://localhost:3000/signup ::1 - -
09/Apr/2019:09:47:51 +0000 POST /api 200 12.361 ms http://localhost:3000/signup ::1 - -
09/Apr/2019:11:32:29 +0000 GET /signup 200 85.402 ms http://localhost:3000/signup ::1 - -
09/Apr/2019:11:32:29 +0000 GET /static/css/main.7f41dff6.chunk.css 200 5.757 ms http://localhost:3000/signup ::1 - -
09/Apr/2019:11:32:29 +0000 GET /static/js/main.09c7f700.chunk.js 200 1.690 ms http://localhost:3000/signup ::1 - -
09/Apr/2019:11:32:29 +0000 GET /static/js/signup.d73d7699.chunk.js 200 11.714 ms http://localhost:3000/signup ::1 - -
09/Apr/2019:11:32:29 +0000 GET /static/js/18.37633b94.chunk.js 200 35.762 ms http://localhost:3000/signup ::1 - -
09/Apr/2019:11:32:29 +0000 GET /static/js/0.14a134f8.chunk.js 200 2.092 ms http://localhost:3000/signup ::1 - -
09/Apr/2019:11:32:29 +0000 GET /manifest.json 304 0.825 ms http://localhost:3000/signup ::1 - -
09/Apr/2019:11:32:29 +0000 GET /favicon.ico 200 0.710 ms http://localhost:3000/signup ::1 - -
09/Apr/2019:11:32:38 +0000 GET / 200 19.734 ms - ::1 - -
09/Apr/2019:11:32:38 +0000 GET /static/css/main.7f41dff6.chunk.css 304 2.724 ms http://localhost:3000/ ::1 - -
09/Apr/2019:11:32:38 +0000 GET /static/js/18.37633b94.chunk.js 304 0.751 ms http://localhost:3000/ ::1 - -
09/Apr/2019:11:32:38 +0000 GET /static/js/main.09c7f700.chunk.js 304 0.693 ms http://localhost:3000/ ::1 - -
09/Apr/2019:11:32:38 +0000 GET /static/js/homepage.c79824d3.chunk.js 200 19.213 ms http://localhost:3000/ ::1 - -
09/Apr/2019:11:32:38 +0000 GET /manifest.json 304 0.700 ms http://localhost:3000/ ::1 - -
09/Apr/2019:11:32:40 +0000 GET /signup 200 22.488 ms http://localhost:3000/ ::1 - -
09/Apr/2019:11:32:40 +0000 GET /static/css/main.7f41dff6.chunk.css 304 0.722 ms http://localhost:3000/signup ::1 - -
09/Apr/2019:11:32:40 +0000 GET /static/js/18.37633b94.chunk.js 304 2.930 ms http://localhost:3000/signup ::1 - -
09/Apr/2019:11:32:40 +0000 GET /static/js/main.09c7f700.chunk.js 304 1.733 ms http://localhost:3000/signup ::1 - -
09/Apr/2019:11:32:40 +0000 GET /static/js/signup.d73d7699.chunk.js 304 1.658 ms http://localhost:3000/signup ::1 - -
09/Apr/2019:11:32:40 +0000 GET /static/js/0.14a134f8.chunk.js 304 0.428 ms http://localhost:3000/signup ::1 - -
09/Apr/2019:11:32:40 +0000 GET /manifest.json 304 0.519 ms http://localhost:3000/signup ::1 - -
09/Apr/2019:11:33:13 +0000 POST /api 200 13.684 ms http://localhost:3000/signup ::1 - -
09/Apr/2019:14:28:27 +0000 GET / 200 74.304 ms - ::1 - -
09/Apr/2019:14:28:27 +0000 GET /static/css/main.7f41dff6.chunk.css 304 1.526 ms http://localhost:3000/ ::1 - -
09/Apr/2019:14:28:27 +0000 GET /static/js/18.37633b94.chunk.js 304 0.692 ms http://localhost:3000/ ::1 - -
09/Apr/2019:14:28:27 +0000 GET /static/js/main.09c7f700.chunk.js 304 0.766 ms http://localhost:3000/ ::1 - -
09/Apr/2019:14:28:27 +0000 GET /static/js/homepage.c79824d3.chunk.js 304 0.781 ms http://localhost:3000/ ::1 - -
09/Apr/2019:14:28:28 +0000 GET /manifest.json 304 1.046 ms http://localhost:3000/ ::1 - -
09/Apr/2019:14:28:30 +0000 GET /signup 200 31.519 ms http://localhost:3000/ ::1 - -
09/Apr/2019:14:28:30 +0000 GET /static/css/main.7f41dff6.chunk.css 304 4.987 ms http://localhost:3000/signup ::1 - -
09/Apr/2019:14:28:30 +0000 GET /static/js/18.37633b94.chunk.js 304 0.505 ms http://localhost:3000/signup ::1 - -
09/Apr/2019:14:28:30 +0000 GET /static/js/main.09c7f700.chunk.js 304 1.273 ms http://localhost:3000/signup ::1 - -
09/Apr/2019:14:28:30 +0000 GET /static/js/signup.d73d7699.chunk.js 304 9.263 ms http://localhost:3000/signup ::1 - -
09/Apr/2019:14:28:30 +0000 GET /static/js/0.14a134f8.chunk.js 304 0.443 ms http://localhost:3000/signup ::1 - -
09/Apr/2019:14:28:30 +0000 GET /manifest.json 304 0.408 ms http://localhost:3000/signup ::1 - -
09/Apr/2019:14:28:47 +0000 POST /api 200 20.991 ms http://localhost:3000/signup ::1 - -
09/Apr/2019:14:29:25 +0000 GET /api 200 16.792 ms - ::1 - -
09/Apr/2019:14:29:25 +0000 GET /static/css/main.7f41dff6.chunk.css 304 0.659 ms http://localhost:3000/api ::1 - -
09/Apr/2019:14:29:25 +0000 GET /static/js/18.37633b94.chunk.js 304 0.462 ms http://localhost:3000/api ::1 - -
09/Apr/2019:14:29:25 +0000 GET /static/js/main.09c7f700.chunk.js 304 2.947 ms http://localhost:3000/api ::1 - -
09/Apr/2019:14:29:25 +0000 GET /manifest.json 304 0.662 ms http://localhost:3000/api ::1 - -
09/Apr/2019:18:29:02 +0000 GET / 200 62.422 ms - ::1 - -
09/Apr/2019:18:29:02 +0000 GET /static/css/main.7f41dff6.chunk.css 200 10.659 ms http://localhost:3000/ ::1 - -
09/Apr/2019:18:29:02 +0000 GET /static/js/18.c97cf997.chunk.js 200 23.083 ms http://localhost:3000/ ::1 - -
09/Apr/2019:18:29:02 +0000 GET /static/js/main.fdf7b6e3.chunk.js 200 42.041 ms http://localhost:3000/ ::1 - -
09/Apr/2019:18:29:02 +0000 GET /static/js/homepage.57719f0e.chunk.js 200 41.835 ms http://localhost:3000/ ::1 - -
09/Apr/2019:18:29:03 +0000 GET /manifest.json 304 1.129 ms http://localhost:3000/ ::1 - -
09/Apr/2019:18:55:09 +0000 GET / 200 54.070 ms http://localhost:3000/signin ::1 - -
09/Apr/2019:18:55:09 +0000 GET /static/css/main.7f41dff6.chunk.css 200 5.950 ms http://localhost:3000/ ::1 - -
09/Apr/2019:18:55:09 +0000 GET /static/js/homepage.57719f0e.chunk.js 200 2.585 ms http://localhost:3000/ ::1 - -
09/Apr/2019:18:55:09 +0000 GET /static/js/main.97fb985c.chunk.js 200 13.544 ms http://localhost:3000/ ::1 - -
09/Apr/2019:18:55:09 +0000 GET /static/js/18.64909b33.chunk.js 200 11.464 ms http://localhost:3000/ ::1 - -
09/Apr/2019:18:55:09 +0000 GET /manifest.json 304 0.747 ms http://localhost:3000/ ::1 - -
09/Apr/2019:18:55:09 +0000 GET /favicon.ico 200 1.395 ms http://localhost:3000/ ::1 - -
09/Apr/2019:18:58:08 +0000 GET /static/js/18.64909b33.chunk.js 304 1.540 ms - ::1 - -
09/Apr/2019:18:58:56 +0000 GET /static/js/homepage.57719f0e.chunk.js 304 1.006 ms - ::1 - -
09/Apr/2019:18:59:26 +0000 GET /static/js/main.97fb985c.chunk.js 304 0.825 ms - ::1 - -
